2013-01-12 05:31:53 Error: [MissingControllerException] Controller class Phpinfo.phpController could not be found.
#0 /srv/www/htdocs/app/webroot/index.php(92): Dispatcher->dispatch(Object(CakeRequest), Object(CakeResponse))
#1 {main}
2013-01-12 05:32:00 Error: [MissingControllerException] Controller class Phpinfo.phpController could not be found.
#0 /srv/www/htdocs/app/webroot/index.php(92): Dispatcher->dispatch(Object(CakeRequest), Object(CakeResponse))
#1 {main}
2013-01-12 05:32:11 Error: [MissingControllerException] Controller class Phpinfo.phpController could not be found.
#0 /srv/www/htdocs/app/webroot/index.php(92): Dispatcher->dispatch(Object(CakeRequest), Object(CakeResponse))
#1 {main}
2013-01-12 18:17:12 Error: [MissingHelperException] Helper class FacebookHelper could not be found.
#0 /srv/www/htdocs/cake/lib/Cake/View/HelperCollection.php(62): HelperCollection->load('Facebook')
#1 /srv/www/htdocs/cake/lib/Cake/View/View.php(815): HelperCollection->__isset('Facebook')
#2 /srv/www/htdocs/cake/app/View/Layouts/default.ctp(6): View->__get('Facebook')
#3 /srv/www/htdocs/cake/lib/Cake/View/View.php(923): include('/srv/www/htdocs...')
#4 /srv/www/htdocs/cake/lib/Cake/View/View.php(886): View->_evaluate('/srv/www/htdocs...', Array)
#5 /srv/www/htdocs/cake/lib/Cake/View/View.php(540): View->_render('/srv/www/htdocs...')
#6 /srv/www/htdocs/cake/lib/Cake/View/View.php(484): View->renderLayout('', 'default')
#7 /srv/www/htdocs/cake/lib/Cake/Controller/Controller.php(956): View->render('home', NULL)
#8 /srv/www/htdocs/cake/app/Controller/PagesController.php(73): Controller->render('home')
#9 [internal function]: PagesController->display('home')
#10 /srv/www/htdocs/cake/lib/Cake/Controller/Controller.php(485): ReflectionMethod->invokeArgs(Object(PagesController), Array)
#11 /srv/www/htdocs/cake/lib/Cake/Routing/Dispatcher.php(186): Controller->invokeAction(Object(CakeRequest))
#12 /srv/www/htdocs/cake/lib/Cake/Routing/Dispatcher.php(161): Dispatcher->_invoke(Object(PagesController), Object(CakeRequest), Object(CakeResponse))
#13 /srv/www/htdocs/cake/app/webroot/index.php(92): Dispatcher->dispatch(Object(CakeRequest), Object(CakeResponse))
#14 {main}
2013-01-12 18:18:14 Error: [MissingHelperException] Helper class FacebookHelper could not be found.
#0 /srv/www/htdocs/cake/lib/Cake/View/HelperCollection.php(62): HelperCollection->load('Facebook')
#1 /srv/www/htdocs/cake/lib/Cake/View/View.php(815): HelperCollection->__isset('Facebook')
#2 /srv/www/htdocs/cake/app/View/Layouts/default.ctp(6): View->__get('Facebook')
#3 /srv/www/htdocs/cake/lib/Cake/View/View.php(923): include('/srv/www/htdocs...')
#4 /srv/www/htdocs/cake/lib/Cake/View/View.php(886): View->_evaluate('/srv/www/htdocs...', Array)
#5 /srv/www/htdocs/cake/lib/Cake/View/View.php(540): View->_render('/srv/www/htdocs...')
#6 /srv/www/htdocs/cake/lib/Cake/View/View.php(484): View->renderLayout('', 'default')
#7 /srv/www/htdocs/cake/lib/Cake/Controller/Controller.php(956): View->render('home', NULL)
#8 /srv/www/htdocs/cake/app/Controller/PagesController.php(73): Controller->render('home')
#9 [internal function]: PagesController->display('home')
#10 /srv/www/htdocs/cake/lib/Cake/Controller/Controller.php(485): ReflectionMethod->invokeArgs(Object(PagesController), Array)
#11 /srv/www/htdocs/cake/lib/Cake/Routing/Dispatcher.php(186): Controller->invokeAction(Object(CakeRequest))
#12 /srv/www/htdocs/cake/lib/Cake/Routing/Dispatcher.php(161): Dispatcher->_invoke(Object(PagesController), Object(CakeRequest), Object(CakeResponse))
#13 /srv/www/htdocs/cake/app/webroot/index.php(92): Dispatcher->dispatch(Object(CakeRequest), Object(CakeResponse))
#14 {main}
2013-01-12 18:18:15 Error: [MissingHelperException] Helper class FacebookHelper could not be found.
#0 /srv/www/htdocs/cake/lib/Cake/View/HelperCollection.php(62): HelperCollection->load('Facebook')
#1 /srv/www/htdocs/cake/lib/Cake/View/View.php(815): HelperCollection->__isset('Facebook')
#2 /srv/www/htdocs/cake/app/View/Layouts/default.ctp(6): View->__get('Facebook')
#3 /srv/www/htdocs/cake/lib/Cake/View/View.php(923): include('/srv/www/htdocs...')
#4 /srv/www/htdocs/cake/lib/Cake/View/View.php(886): View->_evaluate('/srv/www/htdocs...', Array)
#5 /srv/www/htdocs/cake/lib/Cake/View/View.php(540): View->_render('/srv/www/htdocs...')
#6 /srv/www/htdocs/cake/lib/Cake/View/View.php(484): View->renderLayout('', 'default')
#7 /srv/www/htdocs/cake/lib/Cake/Controller/Controller.php(956): View->render('home', NULL)
#8 /srv/www/htdocs/cake/app/Controller/PagesController.php(73): Controller->render('home')
#9 [internal function]: PagesController->display('home')
#10 /srv/www/htdocs/cake/lib/Cake/Controller/Controller.php(485): ReflectionMethod->invokeArgs(Object(PagesController), Array)
#11 /srv/www/htdocs/cake/lib/Cake/Routing/Dispatcher.php(186): Controller->invokeAction(Object(CakeRequest))
#12 /srv/www/htdocs/cake/lib/Cake/Routing/Dispatcher.php(161): Dispatcher->_invoke(Object(PagesController), Object(CakeRequest), Object(CakeResponse))
#13 /srv/www/htdocs/cake/app/webroot/index.php(92): Dispatcher->dispatch(Object(CakeRequest), Object(CakeResponse))
#14 {main}
2013-01-12 18:18:16 Error: [MissingHelperException] Helper class FacebookHelper could not be found.
#0 /srv/www/htdocs/cake/lib/Cake/View/HelperCollection.php(62): HelperCollection->load('Facebook')
#1 /srv/www/htdocs/cake/lib/Cake/View/View.php(815): HelperCollection->__isset('Facebook')
#2 /srv/www/htdocs/cake/app/View/Layouts/default.ctp(6): View->__get('Facebook')
#3 /srv/www/htdocs/cake/lib/Cake/View/View.php(923): include('/srv/www/htdocs...')
#4 /srv/www/htdocs/cake/lib/Cake/View/View.php(886): View->_evaluate('/srv/www/htdocs...', Array)
#5 /srv/www/htdocs/cake/lib/Cake/View/View.php(540): View->_render('/srv/www/htdocs...')
#6 /srv/www/htdocs/cake/lib/Cake/View/View.php(484): View->renderLayout('', 'default')
#7 /srv/www/htdocs/cake/lib/Cake/Controller/Controller.php(956): View->render('home', NULL)
#8 /srv/www/htdocs/cake/app/Controller/PagesController.php(73): Controller->render('home')
#9 [internal function]: PagesController->display('home')
#10 /srv/www/htdocs/cake/lib/Cake/Controller/Controller.php(485): ReflectionMethod->invokeArgs(Object(PagesController), Array)
#11 /srv/www/htdocs/cake/lib/Cake/Routing/Dispatcher.php(186): Controller->invokeAction(Object(CakeRequest))
#12 /srv/www/htdocs/cake/lib/Cake/Routing/Dispatcher.php(161): Dispatcher->_invoke(Object(PagesController), Object(CakeRequest), Object(CakeResponse))
#13 /srv/www/htdocs/cake/app/webroot/index.php(92): Dispatcher->dispatch(Object(CakeRequest), Object(CakeResponse))
#14 {main}
2013-01-12 18:19:44 Error: [MissingHelperException] Helper class FacebookHelper could not be found.
#0 /srv/www/htdocs/cake/lib/Cake/View/HelperCollection.php(62): HelperCollection->load('Facebook')
#1 /srv/www/htdocs/cake/lib/Cake/View/View.php(815): HelperCollection->__isset('Facebook')
#2 /srv/www/htdocs/cake/app/View/Layouts/default.ctp(6): View->__get('Facebook')
#3 /srv/www/htdocs/cake/lib/Cake/View/View.php(923): include('/srv/www/htdocs...')
#4 /srv/www/htdocs/cake/lib/Cake/View/View.php(886): View->_evaluate('/srv/www/htdocs...', Array)
#5 /srv/www/htdocs/cake/lib/Cake/View/View.php(540): View->_render('/srv/www/htdocs...')
#6 /srv/www/htdocs/cake/lib/Cake/View/View.php(484): View->renderLayout('', 'default')
#7 /srv/www/htdocs/cake/lib/Cake/Controller/Controller.php(956): View->render('home', NULL)
#8 /srv/www/htdocs/cake/app/Controller/PagesController.php(73): Controller->render('home')
#9 [internal function]: PagesController->display('home')
#10 /srv/www/htdocs/cake/lib/Cake/Controller/Controller.php(485): ReflectionMethod->invokeArgs(Object(PagesController), Array)
#11 /srv/www/htdocs/cake/lib/Cake/Routing/Dispatcher.php(186): Controller->invokeAction(Object(CakeRequest))
#12 /srv/www/htdocs/cake/lib/Cake/Routing/Dispatcher.php(161): Dispatcher->_invoke(Object(PagesController), Object(CakeRequest), Object(CakeResponse))
#13 /srv/www/htdocs/cake/app/webroot/index.php(92): Dispatcher->dispatch(Object(CakeRequest), Object(CakeResponse))
#14 {main}
2013-01-12 18:19:45 Error: [MissingHelperException] Helper class FacebookHelper could not be found.
#0 /srv/www/htdocs/cake/lib/Cake/View/HelperCollection.php(62): HelperCollection->load('Facebook')
#1 /srv/www/htdocs/cake/lib/Cake/View/View.php(815): HelperCollection->__isset('Facebook')
#2 /srv/www/htdocs/cake/app/View/Layouts/default.ctp(6): View->__get('Facebook')
#3 /srv/www/htdocs/cake/lib/Cake/View/View.php(923): include('/srv/www/htdocs...')
#4 /srv/www/htdocs/cake/lib/Cake/View/View.php(886): View->_evaluate('/srv/www/htdocs...', Array)
#5 /srv/www/htdocs/cake/lib/Cake/View/View.php(540): View->_render('/srv/www/htdocs...')
#6 /srv/www/htdocs/cake/lib/Cake/View/View.php(484): View->renderLayout('', 'default')
#7 /srv/www/htdocs/cake/lib/Cake/Controller/Controller.php(956): View->render('home', NULL)
#8 /srv/www/htdocs/cake/app/Controller/PagesController.php(73): Controller->render('home')
#9 [internal function]: PagesController->display('home')
#10 /srv/www/htdocs/cake/lib/Cake/Controller/Controller.php(485): ReflectionMethod->invokeArgs(Object(PagesController), Array)
#11 /srv/www/htdocs/cake/lib/Cake/Routing/Dispatcher.php(186): Controller->invokeAction(Object(CakeRequest))
#12 /srv/www/htdocs/cake/lib/Cake/Routing/Dispatcher.php(161): Dispatcher->_invoke(Object(PagesController), Object(CakeRequest), Object(CakeResponse))
#13 /srv/www/htdocs/cake/app/webroot/index.php(92): Dispatcher->dispatch(Object(CakeRequest), Object(CakeResponse))
#14 {main}
2013-01-12 18:55:46 Error: [MissingHelperException] Helper class FacebookHelper could not be found.
#0 /srv/www/htdocs/cake/lib/Cake/View/HelperCollection.php(62): HelperCollection->load('Facebook')
#1 /srv/www/htdocs/cake/lib/Cake/View/View.php(815): HelperCollection->__isset('Facebook')
#2 /srv/www/htdocs/cake/app/View/Layouts/default.ctp(6): View->__get('Facebook')
#3 /srv/www/htdocs/cake/lib/Cake/View/View.php(923): include('/srv/www/htdocs...')
#4 /srv/www/htdocs/cake/lib/Cake/View/View.php(886): View->_evaluate('/srv/www/htdocs...', Array)
#5 /srv/www/htdocs/cake/lib/Cake/View/View.php(540): View->_render('/srv/www/htdocs...')
#6 /srv/www/htdocs/cake/lib/Cake/View/View.php(484): View->renderLayout('', 'default')
#7 /srv/www/htdocs/cake/lib/Cake/Controller/Controller.php(956): View->render('home', NULL)
#8 /srv/www/htdocs/cake/app/Controller/PagesController.php(73): Controller->render('home')
#9 [internal function]: PagesController->display('home')
#10 /srv/www/htdocs/cake/lib/Cake/Controller/Controller.php(485): ReflectionMethod->invokeArgs(Object(PagesController), Array)
#11 /srv/www/htdocs/cake/lib/Cake/Routing/Dispatcher.php(186): Controller->invokeAction(Object(CakeRequest))
#12 /srv/www/htdocs/cake/lib/Cake/Routing/Dispatcher.php(161): Dispatcher->_invoke(Object(PagesController), Object(CakeRequest), Object(CakeResponse))
#13 /srv/www/htdocs/cake/app/webroot/index.php(92): Dispatcher->dispatch(Object(CakeRequest), Object(CakeResponse))
#14 {main}
2013-01-12 19:50:00 Error: [MissingHelperException] Helper class FacebookHelper could not be found.
#0 /srv/www/htdocs/cake/lib/Cake/View/HelperCollection.php(62): HelperCollection->load('Facebook')
#1 /srv/www/htdocs/cake/lib/Cake/View/View.php(815): HelperCollection->__isset('Facebook')
#2 /srv/www/htdocs/cake/app/View/Layouts/default.ctp(6): View->__get('Facebook')
#3 /srv/www/htdocs/cake/lib/Cake/View/View.php(923): include('/srv/www/htdocs...')
#4 /srv/www/htdocs/cake/lib/Cake/View/View.php(886): View->_evaluate('/srv/www/htdocs...', Array)
#5 /srv/www/htdocs/cake/lib/Cake/View/View.php(540): View->_render('/srv/www/htdocs...')
#6 /srv/www/htdocs/cake/lib/Cake/View/View.php(484): View->renderLayout('', 'default')
#7 /srv/www/htdocs/cake/lib/Cake/Controller/Controller.php(956): View->render('home', NULL)
#8 /srv/www/htdocs/cake/app/Controller/PagesController.php(73): Controller->render('home')
#9 [internal function]: PagesController->display('home')
#10 /srv/www/htdocs/cake/lib/Cake/Controller/Controller.php(485): ReflectionMethod->invokeArgs(Object(PagesController), Array)
#11 /srv/www/htdocs/cake/lib/Cake/Routing/Dispatcher.php(186): Controller->invokeAction(Object(CakeRequest))
#12 /srv/www/htdocs/cake/lib/Cake/Routing/Dispatcher.php(161): Dispatcher->_invoke(Object(PagesController), Object(CakeRequest), Object(CakeResponse))
#13 /srv/www/htdocs/cake/app/webroot/index.php(92): Dispatcher->dispatch(Object(CakeRequest), Object(CakeResponse))
#14 {main}
2013-01-12 19:50:49 Error: [MissingControllerException] Controller class PhpmyadminController could not be found.
#0 /srv/www/htdocs/cake/app/webroot/index.php(92): Dispatcher->dispatch(Object(CakeRequest), Object(CakeResponse))
#1 {main}
2013-01-12 19:56:34 Error: [MissingHelperException] Helper class FacebookHelper could not be found.
#0 /srv/www/htdocs/cake/lib/Cake/View/HelperCollection.php(62): HelperCollection->load('Facebook')
#1 /srv/www/htdocs/cake/lib/Cake/View/View.php(815): HelperCollection->__isset('Facebook')
#2 /srv/www/htdocs/cake/app/View/Layouts/default.ctp(6): View->__get('Facebook')
#3 /srv/www/htdocs/cake/lib/Cake/View/View.php(923): include('/srv/www/htdocs...')
#4 /srv/www/htdocs/cake/lib/Cake/View/View.php(886): View->_evaluate('/srv/www/htdocs...', Array)
#5 /srv/www/htdocs/cake/lib/Cake/View/View.php(540): View->_render('/srv/www/htdocs...')
#6 /srv/www/htdocs/cake/lib/Cake/View/View.php(484): View->renderLayout('', 'default')
#7 /srv/www/htdocs/cake/lib/Cake/Controller/Controller.php(956): View->render('home', NULL)
#8 /srv/www/htdocs/cake/app/Controller/PagesController.php(73): Controller->render('home')
#9 [internal function]: PagesController->display('home')
#10 /srv/www/htdocs/cake/lib/Cake/Controller/Controller.php(485): ReflectionMethod->invokeArgs(Object(PagesController), Array)
#11 /srv/www/htdocs/cake/lib/Cake/Routing/Dispatcher.php(186): Controller->invokeAction(Object(CakeRequest))
#12 /srv/www/htdocs/cake/lib/Cake/Routing/Dispatcher.php(161): Dispatcher->_invoke(Object(PagesController), Object(CakeRequest), Object(CakeResponse))
#13 /srv/www/htdocs/cake/app/webroot/index.php(92): Dispatcher->dispatch(Object(CakeRequest), Object(CakeResponse))
#14 {main}
2013-01-12 19:57:24 Error: [MissingHelperException] Helper class FacebookHelper could not be found.
#0 /srv/www/htdocs/cake/lib/Cake/View/HelperCollection.php(62): HelperCollection->load('Facebook')
#1 /srv/www/htdocs/cake/lib/Cake/View/View.php(815): HelperCollection->__isset('Facebook')
#2 /srv/www/htdocs/cake/app/View/Layouts/default.ctp(6): View->__get('Facebook')
#3 /srv/www/htdocs/cake/lib/Cake/View/View.php(923): include('/srv/www/htdocs...')
#4 /srv/www/htdocs/cake/lib/Cake/View/View.php(886): View->_evaluate('/srv/www/htdocs...', Array)
#5 /srv/www/htdocs/cake/lib/Cake/View/View.php(540): View->_render('/srv/www/htdocs...')
#6 /srv/www/htdocs/cake/lib/Cake/View/View.php(484): View->renderLayout('', 'default')
#7 /srv/www/htdocs/cake/lib/Cake/Controller/Controller.php(956): View->render('home', NULL)
#8 /srv/www/htdocs/cake/app/Controller/PagesController.php(73): Controller->render('home')
#9 [internal function]: PagesController->display('home')
#10 /srv/www/htdocs/cake/lib/Cake/Controller/Controller.php(485): ReflectionMethod->invokeArgs(Object(PagesController), Array)
#11 /srv/www/htdocs/cake/lib/Cake/Routing/Dispatcher.php(186): Controller->invokeAction(Object(CakeRequest))
#12 /srv/www/htdocs/cake/lib/Cake/Routing/Dispatcher.php(161): Dispatcher->_invoke(Object(PagesController), Object(CakeRequest), Object(CakeResponse))
#13 /srv/www/htdocs/cake/app/webroot/index.php(92): Dispatcher->dispatch(Object(CakeRequest), Object(CakeResponse))
#14 {main}
2013-01-12 20:04:00 Error: [MissingHelperException] Helper class FacebookHelper could not be found.
#0 /srv/www/htdocs/cake/lib/Cake/View/HelperCollection.php(62): HelperCollection->load('Facebook')
#1 /srv/www/htdocs/cake/lib/Cake/View/View.php(815): HelperCollection->__isset('Facebook')
#2 /srv/www/htdocs/cake/app/View/Layouts/default.ctp(6): View->__get('Facebook')
#3 /srv/www/htdocs/cake/lib/Cake/View/View.php(923): include('/srv/www/htdocs...')
#4 /srv/www/htdocs/cake/lib/Cake/View/View.php(886): View->_evaluate('/srv/www/htdocs...', Array)
#5 /srv/www/htdocs/cake/lib/Cake/View/View.php(540): View->_render('/srv/www/htdocs...')
#6 /srv/www/htdocs/cake/lib/Cake/View/View.php(484): View->renderLayout('', 'default')
#7 /srv/www/htdocs/cake/lib/Cake/Controller/Controller.php(956): View->render('home', NULL)
#8 /srv/www/htdocs/cake/app/Controller/PagesController.php(73): Controller->render('home')
#9 [internal function]: PagesController->display('home')
#10 /srv/www/htdocs/cake/lib/Cake/Controller/Controller.php(485): ReflectionMethod->invokeArgs(Object(PagesController), Array)
#11 /srv/www/htdocs/cake/lib/Cake/Routing/Dispatcher.php(186): Controller->invokeAction(Object(CakeRequest))
#12 /srv/www/htdocs/cake/lib/Cake/Routing/Dispatcher.php(161): Dispatcher->_invoke(Object(PagesController), Object(CakeRequest), Object(CakeResponse))
#13 /srv/www/htdocs/cake/app/webroot/index.php(92): Dispatcher->dispatch(Object(CakeRequest), Object(CakeResponse))
#14 {main}
2013-01-12 20:04:04 Error: [MissingHelperException] Helper class FacebookHelper could not be found.
#0 /srv/www/htdocs/cake/lib/Cake/View/HelperCollection.php(62): HelperCollection->load('Facebook')
#1 /srv/www/htdocs/cake/lib/Cake/View/View.php(815): HelperCollection->__isset('Facebook')
#2 /srv/www/htdocs/cake/app/View/Layouts/default.ctp(6): View->__get('Facebook')
#3 /srv/www/htdocs/cake/lib/Cake/View/View.php(923): include('/srv/www/htdocs...')
#4 /srv/www/htdocs/cake/lib/Cake/View/View.php(886): View->_evaluate('/srv/www/htdocs...', Array)
#5 /srv/www/htdocs/cake/lib/Cake/View/View.php(540): View->_render('/srv/www/htdocs...')
#6 /srv/www/htdocs/cake/lib/Cake/View/View.php(484): View->renderLayout('', 'default')
#7 /srv/www/htdocs/cake/lib/Cake/Controller/Controller.php(956): View->render('home', NULL)
#8 /srv/www/htdocs/cake/app/Controller/PagesController.php(73): Controller->render('home')
#9 [internal function]: PagesController->display('home')
#10 /srv/www/htdocs/cake/lib/Cake/Controller/Controller.php(485): ReflectionMethod->invokeArgs(Object(PagesController), Array)
#11 /srv/www/htdocs/cake/lib/Cake/Routing/Dispatcher.php(186): Controller->invokeAction(Object(CakeRequest))
#12 /srv/www/htdocs/cake/lib/Cake/Routing/Dispatcher.php(161): Dispatcher->_invoke(Object(PagesController), Object(CakeRequest), Object(CakeResponse))
#13 /srv/www/htdocs/cake/app/webroot/index.php(92): Dispatcher->dispatch(Object(CakeRequest), Object(CakeResponse))
#14 {main}
2013-01-12 20:04:05 Error: [MissingHelperException] Helper class FacebookHelper could not be found.
#0 /srv/www/htdocs/cake/lib/Cake/View/HelperCollection.php(62): HelperCollection->load('Facebook')
#1 /srv/www/htdocs/cake/lib/Cake/View/View.php(815): HelperCollection->__isset('Facebook')
#2 /srv/www/htdocs/cake/app/View/Layouts/default.ctp(6): View->__get('Facebook')
#3 /srv/www/htdocs/cake/lib/Cake/View/View.php(923): include('/srv/www/htdocs...')
#4 /srv/www/htdocs/cake/lib/Cake/View/View.php(886): View->_evaluate('/srv/www/htdocs...', Array)
#5 /srv/www/htdocs/cake/lib/Cake/View/View.php(540): View->_render('/srv/www/htdocs...')
#6 /srv/www/htdocs/cake/lib/Cake/View/View.php(484): View->renderLayout('', 'default')
#7 /srv/www/htdocs/cake/lib/Cake/Controller/Controller.php(956): View->render('home', NULL)
#8 /srv/www/htdocs/cake/app/Controller/PagesController.php(73): Controller->render('home')
#9 [internal function]: PagesController->display('home')
#10 /srv/www/htdocs/cake/lib/Cake/Controller/Controller.php(485): ReflectionMethod->invokeArgs(Object(PagesController), Array)
#11 /srv/www/htdocs/cake/lib/Cake/Routing/Dispatcher.php(186): Controller->invokeAction(Object(CakeRequest))
#12 /srv/www/htdocs/cake/lib/Cake/Routing/Dispatcher.php(161): Dispatcher->_invoke(Object(PagesController), Object(CakeRequest), Object(CakeResponse))
#13 /srv/www/htdocs/cake/app/webroot/index.php(92): Dispatcher->dispatch(Object(CakeRequest), Object(CakeResponse))
#14 {main}
2013-01-12 20:13:44 Error: [MissingControllerException] Controller class ImgController could not be found.
#0 /srv/www/htdocs/cake/app/webroot/index.php(92): Dispatcher->dispatch(Object(CakeRequest), Object(CakeResponse))
#1 {main}
2013-01-12 20:14:02 Error: [MissingControllerException] Controller class StuffController could not be found.
#0 /srv/www/htdocs/cake/app/webroot/index.php(92): Dispatcher->dispatch(Object(CakeRequest), Object(CakeResponse))
#1 {main}
2013-01-12 20:59:03 Error: [MissingHelperException] Helper class FacebookHelper could not be found.
#0 /srv/www/htdocs/cake/lib/Cake/View/HelperCollection.php(62): HelperCollection->load('Facebook')
#1 /srv/www/htdocs/cake/lib/Cake/View/View.php(815): HelperCollection->__isset('Facebook')
#2 /srv/www/htdocs/cake/app/View/Layouts/default.ctp(6): View->__get('Facebook')
#3 /srv/www/htdocs/cake/lib/Cake/View/View.php(923): include('/srv/www/htdocs...')
#4 /srv/www/htdocs/cake/lib/Cake/View/View.php(886): View->_evaluate('/srv/www/htdocs...', Array)
#5 /srv/www/htdocs/cake/lib/Cake/View/View.php(540): View->_render('/srv/www/htdocs...')
#6 /srv/www/htdocs/cake/lib/Cake/View/View.php(484): View->renderLayout('', 'default')
#7 /srv/www/htdocs/cake/lib/Cake/Controller/Controller.php(956): View->render('home', NULL)
#8 /srv/www/htdocs/cake/app/Controller/PagesController.php(73): Controller->render('home')
#9 [internal function]: PagesController->display('home')
#10 /srv/www/htdocs/cake/lib/Cake/Controller/Controller.php(485): ReflectionMethod->invokeArgs(Object(PagesController), Array)
#11 /srv/www/htdocs/cake/lib/Cake/Routing/Dispatcher.php(186): Controller->invokeAction(Object(CakeRequest))
#12 /srv/www/htdocs/cake/lib/Cake/Routing/Dispatcher.php(161): Dispatcher->_invoke(Object(PagesController), Object(CakeRequest), Object(CakeResponse))
#13 /srv/www/htdocs/cake/app/webroot/index.php(92): Dispatcher->dispatch(Object(CakeRequest), Object(CakeResponse))
#14 {main}
2013-01-12 20:59:53 Error: [MissingHelperException] Helper class FacebookHelper could not be found.
#0 /srv/www/htdocs/cake/lib/Cake/View/HelperCollection.php(62): HelperCollection->load('Facebook')
#1 /srv/www/htdocs/cake/lib/Cake/View/View.php(815): HelperCollection->__isset('Facebook')
#2 /srv/www/htdocs/cake/app/View/Layouts/default.ctp(6): View->__get('Facebook')
#3 /srv/www/htdocs/cake/lib/Cake/View/View.php(923): include('/srv/www/htdocs...')
#4 /srv/www/htdocs/cake/lib/Cake/View/View.php(886): View->_evaluate('/srv/www/htdocs...', Array)
#5 /srv/www/htdocs/cake/lib/Cake/View/View.php(540): View->_render('/srv/www/htdocs...')
#6 /srv/www/htdocs/cake/lib/Cake/View/View.php(484): View->renderLayout('', 'default')
#7 /srv/www/htdocs/cake/lib/Cake/Controller/Controller.php(956): View->render('home', NULL)
#8 /srv/www/htdocs/cake/app/Controller/PagesController.php(73): Controller->render('home')
#9 [internal function]: PagesController->display('home')
#10 /srv/www/htdocs/cake/lib/Cake/Controller/Controller.php(485): ReflectionMethod->invokeArgs(Object(PagesController), Array)
#11 /srv/www/htdocs/cake/lib/Cake/Routing/Dispatcher.php(186): Controller->invokeAction(Object(CakeRequest))
#12 /srv/www/htdocs/cake/lib/Cake/Routing/Dispatcher.php(161): Dispatcher->_invoke(Object(PagesController), Object(CakeRequest), Object(CakeResponse))
#13 /srv/www/htdocs/cake/app/webroot/index.php(92): Dispatcher->dispatch(Object(CakeRequest), Object(CakeResponse))
#14 {main}
2013-01-12 21:00:21 Error: [MissingHelperException] Helper class FacebookHelper could not be found.
#0 /srv/www/htdocs/cake/lib/Cake/View/HelperCollection.php(62): HelperCollection->load('Facebook')
#1 /srv/www/htdocs/cake/lib/Cake/View/View.php(815): HelperCollection->__isset('Facebook')
#2 /srv/www/htdocs/cake/app/View/Layouts/default.ctp(6): View->__get('Facebook')
#3 /srv/www/htdocs/cake/lib/Cake/View/View.php(923): include('/srv/www/htdocs...')
#4 /srv/www/htdocs/cake/lib/Cake/View/View.php(886): View->_evaluate('/srv/www/htdocs...', Array)
#5 /srv/www/htdocs/cake/lib/Cake/View/View.php(540): View->_render('/srv/www/htdocs...')
#6 /srv/www/htdocs/cake/lib/Cake/View/View.php(484): View->renderLayout('', 'default')
#7 /srv/www/htdocs/cake/lib/Cake/Controller/Controller.php(956): View->render('home', NULL)
#8 /srv/www/htdocs/cake/app/Controller/PagesController.php(73): Controller->render('home')
#9 [internal function]: PagesController->display('home')
#10 /srv/www/htdocs/cake/lib/Cake/Controller/Controller.php(485): ReflectionMethod->invokeArgs(Object(PagesController), Array)
#11 /srv/www/htdocs/cake/lib/Cake/Routing/Dispatcher.php(186): Controller->invokeAction(Object(CakeRequest))
#12 /srv/www/htdocs/cake/lib/Cake/Routing/Dispatcher.php(161): Dispatcher->_invoke(Object(PagesController), Object(CakeRequest), Object(CakeResponse))
#13 /srv/www/htdocs/cake/app/webroot/index.php(92): Dispatcher->dispatch(Object(CakeRequest), Object(CakeResponse))
#14 {main}
2013-01-12 21:01:37 Error: [MissingHelperException] Helper class FacebookHelper could not be found.
#0 /srv/www/htdocs/cake/lib/Cake/View/HelperCollection.php(62): HelperCollection->load('Facebook')
#1 /srv/www/htdocs/cake/lib/Cake/View/View.php(815): HelperCollection->__isset('Facebook')
#2 /srv/www/htdocs/cake/app/View/Layouts/default.ctp(6): View->__get('Facebook')
#3 /srv/www/htdocs/cake/lib/Cake/View/View.php(923): include('/srv/www/htdocs...')
#4 /srv/www/htdocs/cake/lib/Cake/View/View.php(886): View->_evaluate('/srv/www/htdocs...', Array)
#5 /srv/www/htdocs/cake/lib/Cake/View/View.php(540): View->_render('/srv/www/htdocs...')
#6 /srv/www/htdocs/cake/lib/Cake/View/View.php(484): View->renderLayout('', 'default')
#7 /srv/www/htdocs/cake/lib/Cake/Controller/Controller.php(956): View->render('home', NULL)
#8 /srv/www/htdocs/cake/app/Controller/PagesController.php(73): Controller->render('home')
#9 [internal function]: PagesController->display('home')
#10 /srv/www/htdocs/cake/lib/Cake/Controller/Controller.php(485): ReflectionMethod->invokeArgs(Object(PagesController), Array)
#11 /srv/www/htdocs/cake/lib/Cake/Routing/Dispatcher.php(186): Controller->invokeAction(Object(CakeRequest))
#12 /srv/www/htdocs/cake/lib/Cake/Routing/Dispatcher.php(161): Dispatcher->_invoke(Object(PagesController), Object(CakeRequest), Object(CakeResponse))
#13 /srv/www/htdocs/cake/app/webroot/index.php(92): Dispatcher->dispatch(Object(CakeRequest), Object(CakeResponse))
#14 {main}
2013-01-12 21:01:39 Error: [MissingHelperException] Helper class FacebookHelper could not be found.
#0 /srv/www/htdocs/cake/lib/Cake/View/HelperCollection.php(62): HelperCollection->load('Facebook')
#1 /srv/www/htdocs/cake/lib/Cake/View/View.php(815): HelperCollection->__isset('Facebook')
#2 /srv/www/htdocs/cake/app/View/Layouts/default.ctp(6): View->__get('Facebook')
#3 /srv/www/htdocs/cake/lib/Cake/View/View.php(923): include('/srv/www/htdocs...')
#4 /srv/www/htdocs/cake/lib/Cake/View/View.php(886): View->_evaluate('/srv/www/htdocs...', Array)
#5 /srv/www/htdocs/cake/lib/Cake/View/View.php(540): View->_render('/srv/www/htdocs...')
#6 /srv/www/htdocs/cake/lib/Cake/View/View.php(484): View->renderLayout('', 'default')
#7 /srv/www/htdocs/cake/lib/Cake/Controller/Controller.php(956): View->render('home', NULL)
#8 /srv/www/htdocs/cake/app/Controller/PagesController.php(73): Controller->render('home')
#9 [internal function]: PagesController->display('home')
#10 /srv/www/htdocs/cake/lib/Cake/Controller/Controller.php(485): ReflectionMethod->invokeArgs(Object(PagesController), Array)
#11 /srv/www/htdocs/cake/lib/Cake/Routing/Dispatcher.php(186): Controller->invokeAction(Object(CakeRequest))
#12 /srv/www/htdocs/cake/lib/Cake/Routing/Dispatcher.php(161): Dispatcher->_invoke(Object(PagesController), Object(CakeRequest), Object(CakeResponse))
#13 /srv/www/htdocs/cake/app/webroot/index.php(92): Dispatcher->dispatch(Object(CakeRequest), Object(CakeResponse))
#14 {main}
